<?xml version="1.0" encoding="UTF-8"?>
<coverage generated="1516736901096" clover="3.2.0">
  <project timestamp="1516736901096" name="All files">
    <metrics statements="39" coveredstatements="39" conditionals="20" coveredconditionals="20" methods="2" coveredmethods="2" elements="61" coveredelements="61" complexity="0" loc="39" ncloc="39" packages="1" files="1" classes="1">
      <file name="bowling.js" path="/Users/krishnardixit/Tech University/noPressure-Assesment/bowling.js">
        <metrics statements="39" coveredstatements="39" conditionals="20" coveredconditionals="20" methods="2" coveredmethods="2"/>
        <line num="2" count="18" type="cond" truecount="2" falsecount="0"/>
        <line num="3" count="1" type="stmt"/>
        <line num="5" count="17" type="cond" truecount="2" falsecount="0"/>
        <line num="6" count="1" type="stmt"/>
        <line num="8" count="16" type="stmt"/>
        <line num="9" count="292" type="cond" truecount="2" falsecount="0"/>
        <line num="10" count="1" type="stmt"/>
        <line num="14" count="15" type="stmt"/>
        <line num="18" count="18" type="stmt"/>
        <line num="19" count="18" type="stmt"/>
        <line num="21" count="18" type="cond" truecount="2" falsecount="0"/>
        <line num="22" count="3" type="stmt"/>
        <line num="26" count="15" type="stmt"/>
        <line num="27" count="15" type="stmt"/>
        <line num="28" count="15" type="stmt"/>
        <line num="29" count="15" type="stmt"/>
        <line num="30" count="15" type="stmt"/>
        <line num="31" count="15" type="stmt"/>
        <line num="32" count="15" type="stmt"/>
        <line num="34" count="15" type="stmt"/>
        <line num="36" count="282" type="cond" truecount="4" falsecount="0"/>
        <line num="37" count="35" type="stmt"/>
        <line num="38" count="35" type="stmt"/>
        <line num="39" count="35" type="stmt"/>
        <line num="41" count="247" type="stmt"/>
        <line num="42" count="247" type="stmt"/>
        <line num="45" count="282" type="cond" truecount="4" falsecount="0"/>
        <line num="47" count="158" type="cond" truecount="4" falsecount="0"/>
        <line num="48" count="37" type="stmt"/>
        <line num="50" count="158" type="stmt"/>
        <line num="51" count="158" type="stmt"/>
        <line num="52" count="158" type="stmt"/>
        <line num="53" count="158" type="stmt"/>
        <line num="58" count="15" type="stmt"/>
        <line num="59" count="35" type="stmt"/>
        <line num="63" count="15" type="stmt"/>
        <line num="64" count="150" type="stmt"/>
        <line num="68" count="15" type="stmt"/>
        <line num="72" count="1" type="stmt"/>
      </file>
    </metrics>
  </project>
</coverage>
