<?xml version="1.0" encoding="UTF-8"?>
<coverage generated="1516737244981" clover="3.2.0">
  <project timestamp="1516737244981" name="All files">
    <metrics statements="41" coveredstatements="41" conditionals="22" coveredconditionals="22" methods="2" coveredmethods="2" elements="65" coveredelements="65" complexity="0" loc="41" ncloc="41" packages="1" files="1" classes="1">
      <file name="bowling.js" path="/Users/krishnardixit/Tech University/noPressure-Assesment/bowling.js">
        <metrics statements="41" coveredstatements="41" conditionals="22" coveredconditionals="22" methods="2" coveredmethods="2"/>
        <line num="2" count="19" type="cond" truecount="2" falsecount="0"/>
        <line num="3" count="1" type="stmt"/>
        <line num="5" count="18" type="cond" truecount="2" falsecount="0"/>
        <line num="6" count="1" type="stmt"/>
        <line num="8" count="17" type="stmt"/>
        <line num="9" count="299" type="cond" truecount="2" falsecount="0"/>
        <line num="10" count="1" type="stmt"/>
        <line num="12" count="298" type="cond" truecount="2" falsecount="0"/>
        <line num="13" count="1" type="stmt"/>
        <line num="17" count="15" type="stmt"/>
        <line num="21" count="19" type="stmt"/>
        <line num="22" count="19" type="stmt"/>
        <line num="24" count="19" type="cond" truecount="2" falsecount="0"/>
        <line num="25" count="4" type="stmt"/>
        <line num="29" count="15" type="stmt"/>
        <line num="30" count="15" type="stmt"/>
        <line num="31" count="15" type="stmt"/>
        <line num="32" count="15" type="stmt"/>
        <line num="33" count="15" type="stmt"/>
        <line num="34" count="15" type="stmt"/>
        <line num="35" count="15" type="stmt"/>
        <line num="37" count="15" type="stmt"/>
        <line num="39" count="282" type="cond" truecount="4" falsecount="0"/>
        <line num="40" count="35" type="stmt"/>
        <line num="41" count="35" type="stmt"/>
        <line num="42" count="35" type="stmt"/>
        <line num="44" count="247" type="stmt"/>
        <line num="45" count="247" type="stmt"/>
        <line num="48" count="282" type="cond" truecount="4" falsecount="0"/>
        <line num="50" count="158" type="cond" truecount="4" falsecount="0"/>
        <line num="51" count="37" type="stmt"/>
        <line num="53" count="158" type="stmt"/>
        <line num="54" count="158" type="stmt"/>
        <line num="55" count="158" type="stmt"/>
        <line num="56" count="158" type="stmt"/>
        <line num="61" count="15" type="stmt"/>
        <line num="62" count="35" type="stmt"/>
        <line num="66" count="15" type="stmt"/>
        <line num="67" count="150" type="stmt"/>
        <line num="71" count="15" type="stmt"/>
        <line num="75" count="1" type="stmt"/>
      </file>
    </metrics>
  </project>
</coverage>
