{"/Users/krishnardixit/Tech University/noPressure-Assesment/bowling.js": {"path":"/Users/krishnardixit/Tech University/noPressure-Assesment/bowling.js","statementMap":{"0":{"start":{"line":2,"column":2},"end":{"line":4,"column":3}},"1":{"start":{"line":3,"column":4},"end":{"line":3,"column":17}},"2":{"start":{"line":5,"column":2},"end":{"line":5,"column":14}},"3":{"start":{"line":9,"column":22},"end":{"line":9,"column":24}},"4":{"start":{"line":10,"column":25},"end":{"line":10,"column":27}},"5":{"start":{"line":12,"column":2},"end":{"line":14,"column":3}},"6":{"start":{"line":13,"column":4},"end":{"line":13,"column":16}},"7":{"start":{"line":17,"column":14},"end":{"line":17,"column":15}},"8":{"start":{"line":18,"column":20},"end":{"line":18,"column":22}},"9":{"start":{"line":19,"column":18},"end":{"line":19,"column":19}},"10":{"start":{"line":20,"column":18},"end":{"line":20,"column":23}},"11":{"start":{"line":21,"column":22},"end":{"line":21,"column":24}},"12":{"start":{"line":22,"column":19},"end":{"line":22,"column":20}},"13":{"start":{"line":23,"column":2},"end":{"line":23,"column":27}},"14":{"start":{"line":25,"column":2},"end":{"line":46,"column":3}},"15":{"start":{"line":27,"column":4},"end":{"line":34,"column":5}},"16":{"start":{"line":28,"column":6},"end":{"line":28,"column":42}},"17":{"start":{"line":29,"column":6},"end":{"line":29,"column":23}},"18":{"start":{"line":30,"column":6},"end":{"line":30,"column":39}},"19":{"start":{"line":32,"column":6},"end":{"line":32,"column":37}},"20":{"start":{"line":33,"column":6},"end":{"line":33,"column":22}},"21":{"start":{"line":36,"column":4},"end":{"line":45,"column":5}},"22":{"start":{"line":38,"column":6},"end":{"line":40,"column":7}},"23":{"start":{"line":39,"column":8},"end":{"line":39,"column":43}},"24":{"start":{"line":41,"column":6},"end":{"line":41,"column":21}},"25":{"start":{"line":42,"column":6},"end":{"line":42,"column":31}},"26":{"start":{"line":43,"column":6},"end":{"line":43,"column":21}},"27":{"start":{"line":44,"column":6},"end":{"line":44,"column":24}},"28":{"start":{"line":49,"column":2},"end":{"line":51,"column":3}},"29":{"start":{"line":50,"column":4},"end":{"line":50,"column":92}},"30":{"start":{"line":54,"column":2},"end":{"line":56,"column":3}},"31":{"start":{"line":55,"column":4},"end":{"line":55,"column":26}},"32":{"start":{"line":59,"column":2},"end":{"line":59,"column":15}},"33":{"start":{"line":63,"column":0},"end":{"line":63,"column":26}}},"fnMap":{"0":{"name":"verifyInput","decl":{"start":{"line":1,"column":9},"end":{"line":1,"column":20}},"loc":{"start":{"line":1,"column":27},"end":{"line":6,"column":1}},"line":1},"1":{"name":"getScore","decl":{"start":{"line":8,"column":9},"end":{"line":8,"column":17}},"loc":{"start":{"line":8,"column":23},"end":{"line":60,"column":1}},"line":8}},"branchMap":{"0":{"loc":{"start":{"line":2,"column":2},"end":{"line":4,"column":3}},"type":"if","locations":[{"start":{"line":2,"column":2},"end":{"line":4,"column":3}},{"start":{"line":2,"column":2},"end":{"line":4,"column":3}}],"line":2},"1":{"loc":{"start":{"line":12,"column":2},"end":{"line":14,"column":3}},"type":"if","locations":[{"start":{"line":12,"column":2},"end":{"line":14,"column":3}},{"start":{"line":12,"column":2},"end":{"line":14,"column":3}}],"line":12},"2":{"loc":{"start":{"line":27,"column":4},"end":{"line":34,"column":5}},"type":"if","locations":[{"start":{"line":27,"column":4},"end":{"line":34,"column":5}},{"start":{"line":27,"column":4},"end":{"line":34,"column":5}}],"line":27},"3":{"loc":{"start":{"line":27,"column":8},"end":{"line":27,"column":50}},"type":"binary-expr","locations":[{"start":{"line":27,"column":8},"end":{"line":27,"column":30}},{"start":{"line":27,"column":34},"end":{"line":27,"column":50}}],"line":27},"4":{"loc":{"start":{"line":36,"column":4},"end":{"line":45,"column":5}},"type":"if","locations":[{"start":{"line":36,"column":4},"end":{"line":45,"column":5}},{"start":{"line":36,"column":4},"end":{"line":45,"column":5}}],"line":36},"5":{"loc":{"start":{"line":36,"column":8},"end":{"line":36,"column":37}},"type":"binary-expr","locations":[{"start":{"line":36,"column":8},"end":{"line":36,"column":17}},{"start":{"line":36,"column":21},"end":{"line":36,"column":37}}],"line":36},"6":{"loc":{"start":{"line":38,"column":6},"end":{"line":40,"column":7}},"type":"if","locations":[{"start":{"line":38,"column":6},"end":{"line":40,"column":7}},{"start":{"line":38,"column":6},"end":{"line":40,"column":7}}],"line":38},"7":{"loc":{"start":{"line":38,"column":10},"end":{"line":38,"column":66}},"type":"binary-expr","locations":[{"start":{"line":38,"column":10},"end":{"line":38,"column":46}},{"start":{"line":38,"column":50},"end":{"line":38,"column":66}}],"line":38}},"s":{"0":16,"1":1,"2":15,"3":16,"4":16,"5":16,"6":1,"7":15,"8":15,"9":15,"10":15,"11":15,"12":15,"13":15,"14":15,"15":282,"16":35,"17":35,"18":35,"19":247,"20":247,"21":282,"22":158,"23":37,"24":158,"25":158,"26":158,"27":158,"28":15,"29":35,"30":15,"31":150,"32":15,"33":1},"f":{"0":16,"1":16},"b":{"0":[1,15],"1":[1,15],"2":[35,247],"3":[282,42],"4":[158,124],"5":[282,247],"6":[37,121],"7":[158,72]},"_coverageSchema":"332fd63041d2c1bcb487cc26dd0d5f7d97098a6c","hash":"2051415298d26a905c2a3ea18e3efa7c983777ce"}
}
