{"/Users/krishnardixit/Tech University/noPressure-Assesment/bowling.js": {"path":"/Users/krishnardixit/Tech University/noPressure-Assesment/bowling.js","statementMap":{"0":{"start":{"line":2,"column":2},"end":{"line":4,"column":3}},"1":{"start":{"line":3,"column":4},"end":{"line":3,"column":17}},"2":{"start":{"line":5,"column":2},"end":{"line":7,"column":3}},"3":{"start":{"line":6,"column":4},"end":{"line":6,"column":17}},"4":{"start":{"line":8,"column":2},"end":{"line":12,"column":3}},"5":{"start":{"line":9,"column":4},"end":{"line":11,"column":5}},"6":{"start":{"line":10,"column":6},"end":{"line":10,"column":19}},"7":{"start":{"line":14,"column":2},"end":{"line":14,"column":14}},"8":{"start":{"line":18,"column":22},"end":{"line":18,"column":24}},"9":{"start":{"line":19,"column":25},"end":{"line":19,"column":27}},"10":{"start":{"line":21,"column":2},"end":{"line":23,"column":3}},"11":{"start":{"line":22,"column":4},"end":{"line":22,"column":16}},"12":{"start":{"line":26,"column":14},"end":{"line":26,"column":15}},"13":{"start":{"line":27,"column":20},"end":{"line":27,"column":22}},"14":{"start":{"line":28,"column":18},"end":{"line":28,"column":19}},"15":{"start":{"line":29,"column":18},"end":{"line":29,"column":23}},"16":{"start":{"line":30,"column":22},"end":{"line":30,"column":24}},"17":{"start":{"line":31,"column":19},"end":{"line":31,"column":20}},"18":{"start":{"line":32,"column":2},"end":{"line":32,"column":27}},"19":{"start":{"line":34,"column":2},"end":{"line":55,"column":3}},"20":{"start":{"line":36,"column":4},"end":{"line":43,"column":5}},"21":{"start":{"line":37,"column":6},"end":{"line":37,"column":42}},"22":{"start":{"line":38,"column":6},"end":{"line":38,"column":23}},"23":{"start":{"line":39,"column":6},"end":{"line":39,"column":39}},"24":{"start":{"line":41,"column":6},"end":{"line":41,"column":37}},"25":{"start":{"line":42,"column":6},"end":{"line":42,"column":22}},"26":{"start":{"line":45,"column":4},"end":{"line":54,"column":5}},"27":{"start":{"line":47,"column":6},"end":{"line":49,"column":7}},"28":{"start":{"line":48,"column":8},"end":{"line":48,"column":43}},"29":{"start":{"line":50,"column":6},"end":{"line":50,"column":21}},"30":{"start":{"line":51,"column":6},"end":{"line":51,"column":31}},"31":{"start":{"line":52,"column":6},"end":{"line":52,"column":21}},"32":{"start":{"line":53,"column":6},"end":{"line":53,"column":24}},"33":{"start":{"line":58,"column":2},"end":{"line":60,"column":3}},"34":{"start":{"line":59,"column":4},"end":{"line":59,"column":92}},"35":{"start":{"line":63,"column":2},"end":{"line":65,"column":3}},"36":{"start":{"line":64,"column":4},"end":{"line":64,"column":26}},"37":{"start":{"line":68,"column":2},"end":{"line":68,"column":15}},"38":{"start":{"line":72,"column":0},"end":{"line":72,"column":26}}},"fnMap":{"0":{"name":"verifyInput","decl":{"start":{"line":1,"column":9},"end":{"line":1,"column":20}},"loc":{"start":{"line":1,"column":27},"end":{"line":15,"column":1}},"line":1},"1":{"name":"getScore","decl":{"start":{"line":17,"column":9},"end":{"line":17,"column":17}},"loc":{"start":{"line":17,"column":23},"end":{"line":69,"column":1}},"line":17}},"branchMap":{"0":{"loc":{"start":{"line":2,"column":2},"end":{"line":4,"column":3}},"type":"if","locations":[{"start":{"line":2,"column":2},"end":{"line":4,"column":3}},{"start":{"line":2,"column":2},"end":{"line":4,"column":3}}],"line":2},"1":{"loc":{"start":{"line":5,"column":2},"end":{"line":7,"column":3}},"type":"if","locations":[{"start":{"line":5,"column":2},"end":{"line":7,"column":3}},{"start":{"line":5,"column":2},"end":{"line":7,"column":3}}],"line":5},"2":{"loc":{"start":{"line":9,"column":4},"end":{"line":11,"column":5}},"type":"if","locations":[{"start":{"line":9,"column":4},"end":{"line":11,"column":5}},{"start":{"line":9,"column":4},"end":{"line":11,"column":5}}],"line":9},"3":{"loc":{"start":{"line":21,"column":2},"end":{"line":23,"column":3}},"type":"if","locations":[{"start":{"line":21,"column":2},"end":{"line":23,"column":3}},{"start":{"line":21,"column":2},"end":{"line":23,"column":3}}],"line":21},"4":{"loc":{"start":{"line":36,"column":4},"end":{"line":43,"column":5}},"type":"if","locations":[{"start":{"line":36,"column":4},"end":{"line":43,"column":5}},{"start":{"line":36,"column":4},"end":{"line":43,"column":5}}],"line":36},"5":{"loc":{"start":{"line":36,"column":8},"end":{"line":36,"column":50}},"type":"binary-expr","locations":[{"start":{"line":36,"column":8},"end":{"line":36,"column":30}},{"start":{"line":36,"column":34},"end":{"line":36,"column":50}}],"line":36},"6":{"loc":{"start":{"line":45,"column":4},"end":{"line":54,"column":5}},"type":"if","locations":[{"start":{"line":45,"column":4},"end":{"line":54,"column":5}},{"start":{"line":45,"column":4},"end":{"line":54,"column":5}}],"line":45},"7":{"loc":{"start":{"line":45,"column":8},"end":{"line":45,"column":37}},"type":"binary-expr","locations":[{"start":{"line":45,"column":8},"end":{"line":45,"column":17}},{"start":{"line":45,"column":21},"end":{"line":45,"column":37}}],"line":45},"8":{"loc":{"start":{"line":47,"column":6},"end":{"line":49,"column":7}},"type":"if","locations":[{"start":{"line":47,"column":6},"end":{"line":49,"column":7}},{"start":{"line":47,"column":6},"end":{"line":49,"column":7}}],"line":47},"9":{"loc":{"start":{"line":47,"column":10},"end":{"line":47,"column":66}},"type":"binary-expr","locations":[{"start":{"line":47,"column":10},"end":{"line":47,"column":46}},{"start":{"line":47,"column":50},"end":{"line":47,"column":66}}],"line":47}},"s":{"0":18,"1":1,"2":17,"3":1,"4":16,"5":292,"6":1,"7":15,"8":18,"9":18,"10":18,"11":3,"12":15,"13":15,"14":15,"15":15,"16":15,"17":15,"18":15,"19":15,"20":282,"21":35,"22":35,"23":35,"24":247,"25":247,"26":282,"27":158,"28":37,"29":158,"30":158,"31":158,"32":158,"33":15,"34":35,"35":15,"36":150,"37":15,"38":1},"f":{"0":18,"1":18},"b":{"0":[1,17],"1":[1,16],"2":[1,291],"3":[3,15],"4":[35,247],"5":[282,42],"6":[158,124],"7":[282,247],"8":[37,121],"9":[158,72]},"_coverageSchema":"332fd63041d2c1bcb487cc26dd0d5f7d97098a6c","hash":"adef4db3da32603e9f658974a663ce97c21ebe15"}
}
