TN:
SF:/Users/krishnardixit/Tech University/noPressure-Assesment/bowling.js
FN:1,verifyInput
FN:13,getScore
FNF:2
FNH:2
FNDA:17,verifyInput
FNDA:17,getScore
DA:2,17
DA:3,1
DA:5,16
DA:6,1
DA:10,15
DA:14,17
DA:15,17
DA:17,17
DA:18,2
DA:22,15
DA:23,15
DA:24,15
DA:25,15
DA:26,15
DA:27,15
DA:28,15
DA:30,15
DA:32,282
DA:33,35
DA:34,35
DA:35,35
DA:37,247
DA:38,247
DA:41,282
DA:43,158
DA:44,37
DA:46,158
DA:47,158
DA:48,158
DA:49,158
DA:54,15
DA:55,35
DA:59,15
DA:60,150
DA:64,15
DA:68,1
LF:36
LH:36
BRDA:2,0,0,1
BRDA:2,0,1,16
BRDA:5,1,0,1
BRDA:5,1,1,15
BRDA:17,2,0,2
BRDA:17,2,1,15
BRDA:32,3,0,35
BRDA:32,3,1,247
BRDA:32,4,0,282
BRDA:32,4,1,42
BRDA:41,5,0,158
BRDA:41,5,1,124
BRDA:41,6,0,282
BRDA:41,6,1,247
BRDA:43,7,0,37
BRDA:43,7,1,121
BRDA:43,8,0,158
BRDA:43,8,1,72
BRF:18
BRH:18
end_of_record
