TN:
SF:/Users/krishnardixit/Tech University/noPressure-Assesment/bowling.js
FN:1,verifyInput
FN:8,getScore
FNF:2
FNH:2
FNDA:16,verifyInput
FNDA:16,getScore
DA:2,16
DA:3,1
DA:5,15
DA:9,16
DA:10,16
DA:12,16
DA:13,1
DA:17,15
DA:18,15
DA:19,15
DA:20,15
DA:21,15
DA:22,15
DA:23,15
DA:25,15
DA:27,282
DA:28,35
DA:29,35
DA:30,35
DA:32,247
DA:33,247
DA:36,282
DA:38,158
DA:39,37
DA:41,158
DA:42,158
DA:43,158
DA:44,158
DA:49,15
DA:50,35
DA:54,15
DA:55,150
DA:59,15
DA:63,1
LF:34
LH:34
BRDA:2,0,0,1
BRDA:2,0,1,15
BRDA:12,1,0,1
BRDA:12,1,1,15
BRDA:27,2,0,35
BRDA:27,2,1,247
BRDA:27,3,0,282
BRDA:27,3,1,42
BRDA:36,4,0,158
BRDA:36,4,1,124
BRDA:36,5,0,282
BRDA:36,5,1,247
BRDA:38,6,0,37
BRDA:38,6,1,121
BRDA:38,7,0,158
BRDA:38,7,1,72
BRF:16
BRH:16
end_of_record
